<?xml version="1.0" encoding="UTF-8"?>
<!-- Generated by org.testng.reporters.JUnitReportReporter -->
<testsuite hostname="DESKTOP-875RBT8" failures="0" tests="1" name="Test.SeleniumFramework.Tests.ErrorValidations" time="32.194" errors="0" timestamp="2024-12-27T04:13:36 EST" skipped="0">
  <testcase classname="Test.SeleniumFramework.Tests.ErrorValidations" name="submitOrder" time="32.194"/>
</testsuite> <!-- Test.SeleniumFramework.Tests.ErrorValidations -->
