<?xml version="1.0" encoding="UTF-8"?>
<!-- Generated by org.testng.reporters.JUnitReportReporter -->
<testsuite hostname="DESKTOP-875RBT8" failures="0" tests="3" name="Test.SeleniumFramework.Tests.SubmitOrderTest" time="67.620" errors="0" timestamp="2024-12-30T04:25:31 EST" skipped="0">
  <testcase classname="Test.SeleniumFramework.Tests.SubmitOrderTest" name="OrderHistoryTest" time="13.447"/>
  <testcase classname="Test.SeleniumFramework.Tests.SubmitOrderTest" name="submitOrder" time="22.242"/>
  <testcase classname="Test.SeleniumFramework.Tests.SubmitOrderTest" name="submitOrder" time="31.931"/>
</testsuite> <!-- Test.SeleniumFramework.Tests.SubmitOrderTest -->
